WARNING:root:Failed to download from `https://omnipathdb.org/`.
WARNING:root:Traceback (most recent call last):
  File "/home/aih/sebastian.birk/miniconda3/envs/nichecompass-reproducibility/lib/python3.9/site-packages/urllib3/connectionpool.py", line 404, in _make_request
    self._validate_conn(conn)
  File "/home/aih/sebastian.birk/miniconda3/envs/nichecompass-reproducibility/lib/python3.9/site-packages/urllib3/connectionpool.py", line 1060, in _validate_conn
    conn.connect()
  File "/home/aih/sebastian.birk/miniconda3/envs/nichecompass-reproducibility/lib/python3.9/site-packages/urllib3/connection.py", line 419, in connect
    self.sock = ssl_wrap_socket(
  File "/home/aih/sebastian.birk/miniconda3/envs/nichecompass-reproducibility/lib/python3.9/site-packages/urllib3/util/ssl_.py", line 449, in ssl_wrap_socket
    ssl_sock = _ssl_wrap_socket_impl(
  File "/home/aih/sebastian.birk/miniconda3/envs/nichecompass-reproducibility/lib/python3.9/site-packages/urllib3/util/ssl_.py", line 493, in _ssl_wrap_socket_impl
    return ssl_context.wrap_socket(sock, server_hostname=server_hostname)
  File "/home/aih/sebastian.birk/miniconda3/envs/nichecompass-reproducibility/lib/python3.9/ssl.py", line 501, in wrap_socket
    return self.sslsocket_class._create(
  File "/home/aih/sebastian.birk/miniconda3/envs/nichecompass-reproducibility/lib/python3.9/ssl.py", line 1074, in _create
    self.do_handshake()
  File "/home/aih/sebastian.birk/miniconda3/envs/nichecompass-reproducibility/lib/python3.9/ssl.py", line 1343, in do_handshake
    self._sslobj.do_handshake()
socket.timeout: _ssl.c:1116: The handshake operation timed out

During handling of the above exception, another exception occurred:

Traceback (most recent call last):
  File "/home/aih/sebastian.birk/miniconda3/envs/nichecompass-reproducibility/lib/python3.9/site-packages/requests/adapters.py", line 667, in send
    resp = conn.urlopen(
  File "/home/aih/sebastian.birk/miniconda3/envs/nichecompass-reproducibility/lib/python3.9/site-packages/urllib3/connectionpool.py", line 801, in urlopen
    retries = retries.increment(
  File "/home/aih/sebastian.birk/miniconda3/envs/nichecompass-reproducibility/lib/python3.9/site-packages/urllib3/util/retry.py", line 552, in increment
    raise six.reraise(type(error), error, _stacktrace)
  File "/home/aih/sebastian.birk/miniconda3/envs/nichecompass-reproducibility/lib/python3.9/site-packages/urllib3/packages/six.py", line 770, in reraise
    raise value
  File "/home/aih/sebastian.birk/miniconda3/envs/nichecompass-reproducibility/lib/python3.9/site-packages/urllib3/connectionpool.py", line 715, in urlopen
    httplib_response = self._make_request(
  File "/home/aih/sebastian.birk/miniconda3/envs/nichecompass-reproducibility/lib/python3.9/site-packages/urllib3/connectionpool.py", line 407, in _make_request
    self._raise_timeout(err=e, url=url, timeout_value=conn.timeout)
  File "/home/aih/sebastian.birk/miniconda3/envs/nichecompass-reproducibility/lib/python3.9/site-packages/urllib3/connectionpool.py", line 358, in _raise_timeout
    raise ReadTimeoutError(
urllib3.exceptions.ReadTimeoutError: HTTPSConnectionPool(host='omnipathdb.org', port=443): Read timed out. (read timeout=3.0)

During handling of the above exception, another exception occurred:

Traceback (most recent call last):
  File "/home/aih/sebastian.birk/miniconda3/envs/nichecompass-reproducibility/lib/python3.9/site-packages/omnipath/_core/downloader/_downloader.py", line 143, in maybe_download
    res = self._download(req)
  File "/home/aih/sebastian.birk/miniconda3/envs/nichecompass-reproducibility/lib/python3.9/site-packages/omnipath/_core/downloader/_downloader.py", line 178, in _download
    with self._session.send(
  File "/home/aih/sebastian.birk/miniconda3/envs/nichecompass-reproducibility/lib/python3.9/site-packages/requests/sessions.py", line 703, in send
    r = adapter.send(request, **kwargs)
  File "/home/aih/sebastian.birk/miniconda3/envs/nichecompass-reproducibility/lib/python3.9/site-packages/requests/adapters.py", line 713, in send
    raise ReadTimeout(e, request=request)
requests.exceptions.ReadTimeout: HTTPSConnectionPool(host='omnipathdb.org', port=443): Read timed out. (read timeout=3.0)

/home/aih/sebastian.birk/miniconda3/envs/nichecompass-reproducibility/lib/python3.9/site-packages/nichecompass/utils/gene_programs.py:506: FutureWarning: DataFrame.applymap has been deprecated. Use DataFrame.map instead.
  ligand_target_matrix_df.applymap(
/home/aih/sebastian.birk/miniconda3/envs/nichecompass-reproducibility/lib/python3.9/site-packages/torch_geometric/sampler/neighbor_sampler.py:55: UserWarning: The usage of the 'directed' argument in 'NeighborSampler' is deprecated. Use `subgraph_type='induced'` instead.
  warnings.warn(f"The usage of the 'directed' argument in "
slurmstepd: error: slurm_get_node_energy: Connection refused
slurmstepd: error: _get_joules_task: can't get info from slurmd
slurmstepd: error: slurm_get_node_energy: Connection refused
slurmstepd: error: _get_joules_task: can't get info from slurmd
slurmstepd: error: slurm_get_node_energy: Connection refused
slurmstepd: error: _get_joules_task: can't get info from slurmd
slurmstepd: error: slurm_get_node_energy: Connection refused
slurmstepd: error: _get_joules_task: can't get info from slurmd
slurmstepd: error: slurm_get_node_energy: Connection refused
slurmstepd: error: _get_joules_task: can't get info from slurmd
slurmstepd: error: slurm_get_node_energy: Connection refused
slurmstepd: error: _get_joules_task: can't get info from slurmd
slurmstepd: error: slurm_get_node_energy: Connection refused
slurmstepd: error: _get_joules_task: can't get info from slurmd
slurmstepd: error: slurm_get_node_energy: Connection refused
slurmstepd: error: _get_joules_task: can't get info from slurmd
slurmstepd: error: slurm_get_node_energy: Connection refused
slurmstepd: error: _get_joules_task: can't get info from slurmd
slurmstepd: error: slurm_get_node_energy: Connection refused
slurmstepd: error: _get_joules_task: can't get info from slurmd
slurmstepd: error: slurm_get_node_energy: Connection refused
slurmstepd: error: _get_joules_task: can't get info from slurmd
slurmstepd: error: slurm_get_node_energy: Connection refused
slurmstepd: error: _get_joules_task: can't get info from slurmd
slurmstepd: error: slurm_get_node_energy: Connection refused
slurmstepd: error: _get_joules_task: can't get info from slurmd
slurmstepd: error: slurm_get_node_energy: Connection refused
slurmstepd: error: _get_joules_task: can't get info from slurmd
slurmstepd: error: slurm_get_node_energy: Connection refused
slurmstepd: error: _get_joules_task: can't get info from slurmd
slurmstepd: error: slurm_get_node_energy: Connection refused
slurmstepd: error: _get_joules_task: can't get info from slurmd
slurmstepd: error: slurm_get_node_energy: Connection refused
slurmstepd: error: _get_joules_task: can't get info from slurmd
slurmstepd: error: slurm_get_node_energy: Connection refused
slurmstepd: error: _get_joules_task: can't get info from slurmd
slurmstepd: error: slurm_get_node_energy: Connection refused
slurmstepd: error: _get_joules_task: can't get info from slurmd
slurmstepd: error: slurm_get_node_energy: Connection refused
slurmstepd: error: _get_joules_task: can't get info from slurmd
slurmstepd: error: slurm_get_node_energy: Connection refused
slurmstepd: error: _get_joules_task: can't get info from slurmd
slurmstepd: error: slurm_get_node_energy: Connection refused
slurmstepd: error: _get_joules_task: can't get info from slurmd
slurmstepd: error: slurm_get_node_energy: Connection refused
slurmstepd: error: _get_joules_task: can't get info from slurmd
slurmstepd: error: slurm_get_node_energy: Connection refused
slurmstepd: error: _get_joules_task: can't get info from slurmd
slurmstepd: error: slurm_get_node_energy: Connection refused
slurmstepd: error: _get_joules_task: can't get info from slurmd
slurmstepd: error: slurm_get_node_energy: Connection refused
slurmstepd: error: _get_joules_task: can't get info from slurmd
slurmstepd: error: slurm_get_node_energy: Connection refused
slurmstepd: error: _get_joules_task: can't get info from slurmd
slurmstepd: error: slurm_get_node_energy: Connection refused
slurmstepd: error: _get_joules_task: can't get info from slurmd
slurmstepd: error: slurm_get_node_energy: Connection refused
slurmstepd: error: _get_joules_task: can't get info from slurmd
slurmstepd: error: slurm_get_node_energy: Connection refused
slurmstepd: error: _get_joules_task: can't get info from slurmd
slurmstepd: error: slurm_get_node_energy: Connection refused
slurmstepd: error: _get_joules_task: can't get info from slurmd
slurmstepd: error: slurm_get_node_energy: Connection refused
slurmstepd: error: _get_joules_task: can't get info from slurmd
slurmstepd: error: slurm_get_node_energy: Connection refused
slurmstepd: error: _get_joules_task: can't get info from slurmd
slurmstepd: error: slurm_get_node_energy: Connection refused
slurmstepd: error: _get_joules_task: can't get info from slurmd
slurmstepd: error: slurm_get_node_energy: Connection refused
slurmstepd: error: _get_joules_task: can't get info from slurmd
slurmstepd: error: slurm_get_node_energy: Connection refused
slurmstepd: error: _get_joules_task: can't get info from slurmd
slurmstepd: error: slurm_get_node_energy: Connection refused
slurmstepd: error: _get_joules_task: can't get info from slurmd
slurmstepd: error: slurm_get_node_energy: Connection refused
slurmstepd: error: _get_joules_task: can't get info from slurmd
slurmstepd: error: slurm_get_node_energy: Connection refused
slurmstepd: error: _get_joules_task: can't get info from slurmd
slurmstepd: error: slurm_get_node_energy: Connection refused
slurmstepd: error: _get_joules_task: can't get info from slurmd
slurmstepd: error: slurm_get_node_energy: Connection refused
slurmstepd: error: _get_joules_task: can't get info from slurmd
slurmstepd: error: slurm_get_node_energy: Connection refused
slurmstepd: error: _get_joules_task: can't get info from slurmd
slurmstepd: error: slurm_get_node_energy: Connection refused
slurmstepd: error: _get_joules_task: can't get info from slurmd
slurmstepd: error: slurm_get_node_energy: Connection refused
slurmstepd: error: _get_joules_task: can't get info from slurmd
slurmstepd: error: slurm_get_node_energy: Connection refused
slurmstepd: error: _get_joules_task: can't get info from slurmd
slurmstepd: error: slurm_get_node_energy: Connection refused
slurmstepd: error: _get_joules_task: can't get info from slurmd
slurmstepd: error: slurm_get_node_energy: Connection refused
slurmstepd: error: _get_joules_task: can't get info from slurmd
slurmstepd: error: slurm_get_node_energy: Connection refused
slurmstepd: error: _get_joules_task: can't get info from slurmd
slurmstepd: error: slurm_get_node_energy: Connection refused
slurmstepd: error: _get_joules_task: can't get info from slurmd
slurmstepd: error: slurm_get_node_energy: Connection refused
slurmstepd: error: _get_joules_task: can't get info from slurmd
slurmstepd: error: slurm_get_node_energy: Connection refused
slurmstepd: error: _get_joules_task: can't get info from slurmd
slurmstepd: error: slurm_get_node_energy: Connection refused
slurmstepd: error: _get_joules_task: can't get info from slurmd
slurmstepd: error: slurm_get_node_energy: Connection refused
slurmstepd: error: _get_joules_task: can't get info from slurmd
slurmstepd: error: slurm_get_node_energy: Connection refused
slurmstepd: error: _get_joules_task: can't get info from slurmd
slurmstepd: error: slurm_get_node_energy: Connection refused
slurmstepd: error: _get_joules_task: can't get info from slurmd
slurmstepd: error: slurm_get_node_energy: Connection refused
slurmstepd: error: _get_joules_task: can't get info from slurmd
slurmstepd: error: slurm_get_node_energy: Connection refused
slurmstepd: error: _get_joules_task: can't get info from slurmd
slurmstepd: error: slurm_get_node_energy: Connection refused
slurmstepd: error: _get_joules_task: can't get info from slurmd
slurmstepd: error: slurm_get_node_energy: Connection refused
slurmstepd: error: _get_joules_task: can't get info from slurmd
slurmstepd: error: slurm_get_node_energy: Connection refused
slurmstepd: error: _get_joules_task: can't get info from slurmd
slurmstepd: error: slurm_get_node_energy: Connection refused
slurmstepd: error: _get_joules_task: can't get info from slurmd
slurmstepd: error: slurm_get_node_energy: Connection refused
slurmstepd: error: _get_joules_task: can't get info from slurmd
slurmstepd: error: slurm_get_node_energy: Connection refused
slurmstepd: error: _get_joules_task: can't get info from slurmd
slurmstepd: error: slurm_get_node_energy: Connection refused
slurmstepd: error: _get_joules_task: can't get info from slurmd
slurmstepd: error: slurm_get_node_energy: Connection refused
slurmstepd: error: _get_joules_task: can't get info from slurmd
slurmstepd: error: slurm_get_node_energy: Connection refused
slurmstepd: error: _get_joules_task: can't get info from slurmd
slurmstepd: error: slurm_get_node_energy: Connection refused
slurmstepd: error: _get_joules_task: can't get info from slurmd
slurmstepd: error: slurm_get_node_energy: Connection refused
slurmstepd: error: _get_joules_task: can't get info from slurmd
slurmstepd: error: slurm_get_node_energy: Connection refused
slurmstepd: error: _get_joules_task: can't get info from slurmd
slurmstepd: error: slurm_get_node_energy: Connection refused
slurmstepd: error: _get_joules_task: can't get info from slurmd
slurmstepd: error: slurm_get_node_energy: Connection refused
slurmstepd: error: _get_joules_task: can't get info from slurmd
slurmstepd: error: slurm_get_node_energy: Connection refused
slurmstepd: error: _get_joules_task: can't get info from slurmd
slurmstepd: error: slurm_get_node_energy: Connection refused
slurmstepd: error: _get_joules_task: can't get info from slurmd
slurmstepd: error: slurm_get_node_energy: Connection refused
slurmstepd: error: _get_joules_task: can't get info from slurmd
slurmstepd: error: slurm_get_node_energy: Connection refused
slurmstepd: error: _get_joules_task: can't get info from slurmd
slurmstepd: error: slurm_get_node_energy: Connection refused
slurmstepd: error: _get_joules_task: can't get info from slurmd
slurmstepd: error: slurm_get_node_energy: Connection refused
slurmstepd: error: _get_joules_task: can't get info from slurmd
slurmstepd: error: slurm_get_node_energy: Connection refused
slurmstepd: error: _get_joules_task: can't get info from slurmd
/home/aih/sebastian.birk/miniconda3/envs/nichecompass-reproducibility/lib/python3.9/site-packages/torch_geometric/sampler/neighbor_sampler.py:55: UserWarning: The usage of the 'directed' argument in 'NeighborSampler' is deprecated. Use `subgraph_type='induced'` instead.
  warnings.warn(f"The usage of the 'directed' argument in "
slurmstepd: error: slurm_get_node_energy: Connection refused
slurmstepd: error: _get_joules_task: can't get info from slurmd
slurmstepd: error: slurm_get_node_energy: Connection refused
slurmstepd: error: _get_joules_task: can't get info from slurmd
slurmstepd: error: slurm_get_node_energy: Connection refused
slurmstepd: error: _get_joules_task: can't get info from slurmd
slurmstepd: error: slurm_get_node_energy: Connection refused
slurmstepd: error: _get_joules_task: can't get info from slurmd
slurmstepd: error: slurm_get_node_energy: Connection refused
slurmstepd: error: _get_joules_task: can't get info from slurmd
slurmstepd: error: slurm_get_node_energy: Connection refused
slurmstepd: error: _get_joules_task: can't get info from slurmd
slurmstepd: error: slurm_get_node_energy: Connection refused
slurmstepd: error: _get_joules_task: can't get info from slurmd
slurmstepd: error: slurm_get_node_energy: Connection refused
slurmstepd: error: _get_joules_task: can't get info from slurmd
slurmstepd: error: slurm_get_node_energy: Connection refused
slurmstepd: error: _get_joules_task: can't get info from slurmd
slurmstepd: error: slurm_get_node_energy: Connection refused
slurmstepd: error: _get_joules_task: can't get info from slurmd
slurmstepd: error: slurm_get_node_energy: Connection refused
slurmstepd: error: _get_joules_task: can't get info from slurmd
slurmstepd: error: slurm_get_node_energy: Connection refused
slurmstepd: error: _get_joules_task: can't get info from slurmd
slurmstepd: error: slurm_get_node_energy: Connection refused
slurmstepd: error: _get_joules_task: can't get info from slurmd
slurmstepd: error: slurm_get_node_energy: Connection refused
slurmstepd: error: _get_joules_task: can't get info from slurmd
slurmstepd: error: slurm_get_node_energy: Connection refused
slurmstepd: error: _get_joules_task: can't get info from slurmd
slurmstepd: error: slurm_get_node_energy: Connection refused
slurmstepd: error: _get_joules_task: can't get info from slurmd
slurmstepd: error: slurm_get_node_energy: Connection refused
slurmstepd: error: _get_joules_task: can't get info from slurmd
slurmstepd: error: slurm_get_node_energy: Connection refused
slurmstepd: error: _get_joules_task: can't get info from slurmd
slurmstepd: error: slurm_get_node_energy: Connection refused
slurmstepd: error: _get_joules_task: can't get info from slurmd
slurmstepd: error: slurm_get_node_energy: Connection refused
slurmstepd: error: _get_joules_task: can't get info from slurmd
